[2019-10-24 10:32:36,261] - Logfz.py] - INFO: 查看客户账号列表
[2019-10-24 10:32:38,685] - Logfz.py] - INFO: 新增客户管理员查询已有客户
[2019-10-24 10:32:40,556] - Logfz.py] - INFO: 新增客户管理员
[2019-10-24 10:33:22,732] - Logfz.py] - INFO: 查看客户账号列表
[2019-10-24 10:33:58,492] - Logfz.py] - INFO: 新增客户管理员查询已有客户
[2019-10-24 10:34:13,435] - Logfz.py] - INFO: 新增客户管理员
[2019-10-24 10:34:38,430] - Logfz.py] - INFO: 修改客户管理员
[2019-10-24 10:34:55,910] - Logfz.py] - INFO: 客户重置密码
[2019-10-24 10:35:32,363] - Logfz.py] - INFO: 查询代理商管理员列表
[2019-10-24 10:36:45,971] - Logfz.py] - INFO: 新增代理商管理员
[2019-10-24 10:36:53,767] - Logfz.py] - INFO: 修改代理商管理员
[2019-10-24 10:37:04,656] - Logfz.py] - INFO: 代理商重置密码
[2019-10-24 10:37:43,779] - Logfz.py] - INFO: 查看消息通知列表
[2019-10-24 10:45:39,440] - Logfz.py] - INFO: 查看客户账号列表
[2019-10-24 10:45:59,021] - Logfz.py] - INFO: 新增客户管理员查询已有客户
[2019-10-24 10:46:11,038] - Logfz.py] - INFO: 新增客户管理员
[2019-10-24 10:46:24,988] - Logfz.py] - INFO: 修改客户管理员
[2019-10-24 10:46:52,377] - Logfz.py] - INFO: 客户重置密码
[2019-10-24 10:47:10,176] - Logfz.py] - INFO: 查询代理商管理员列表
[2019-10-24 10:47:40,235] - Logfz.py] - INFO: 新增代理商管理员
[2019-10-24 10:48:01,143] - Logfz.py] - INFO: 修改代理商管理员
[2019-10-24 10:48:22,049] - Logfz.py] - INFO: 代理商重置密码
[2019-10-24 10:48:48,376] - Logfz.py] - INFO: 查看消息通知列表
[2019-10-24 11:14:28,597] - Logfz.py] - INFO: 查看客户账号列表
[2019-10-24 11:14:37,418] - Logfz.py] - INFO: 新增客户管理员查询已有客户
[2019-10-24 11:14:56,101] - Logfz.py] - INFO: 新增客户管理员
[2019-10-24 11:15:04,088] - Logfz.py] - INFO: 修改客户管理员
[2019-10-24 11:15:17,737] - Logfz.py] - INFO: 客户重置密码
[2019-10-24 11:15:28,395] - Logfz.py] - INFO: 查询代理商管理员列表
[2019-10-24 11:15:56,156] - Logfz.py] - INFO: 新增代理商管理员
[2019-10-24 11:16:17,469] - Logfz.py] - INFO: 修改代理商管理员
[2019-10-24 11:16:40,951] - Logfz.py] - INFO: 代理商重置密码
[2019-10-24 11:16:59,707] - Logfz.py] - INFO: 查看消息通知列表
[2019-10-24 11:20:12,199] - Logfz.py] - INFO: 新增客户
[2019-10-24 11:20:40,706] - Logfz.py] - INFO: 修改客户
[2019-10-24 11:20:53,352] - Logfz.py] - INFO: 查看客户详情
[2019-10-24 11:24:33,081] - Logfz.py] - INFO: 新增客户
[2019-10-24 11:24:42,937] - Logfz.py] - INFO: 修改客户
[2019-10-24 11:25:09,795] - Logfz.py] - INFO: 新增客户
[2019-10-24 11:25:43,202] - Logfz.py] - INFO: 新增客户
[2019-10-24 11:26:00,007] - Logfz.py] - INFO: 修改客户
[2019-10-24 11:26:19,097] - Logfz.py] - INFO: 查看客户详情
[2019-10-24 11:26:49,553] - Logfz.py] - INFO: 查看班课设置列表
[2019-10-24 11:27:31,473] - Logfz.py] - INFO: 查询客户下可见商品详情（附带租户的课数）
[2019-10-24 11:27:56,387] - Logfz.py] - INFO: 客户购买课程最近十次操作记录
[2019-10-24 11:28:12,414] - Logfz.py] - INFO: 客户购买课时
[2019-10-24 11:28:26,434] - Logfz.py] - INFO: 查看客户列表
[2019-10-24 11:30:45,472] - Logfz.py] - INFO: 查看客户账号列表
[2019-10-24 11:31:08,607] - Logfz.py] - INFO: 新增客户管理员查询已有客户
[2019-10-24 11:31:23,163] - Logfz.py] - INFO: 新增客户管理员
[2019-10-24 11:31:42,565] - Logfz.py] - INFO: 修改客户管理员
[2019-10-24 11:32:02,352] - Logfz.py] - INFO: 客户重置密码
[2019-10-24 11:32:26,279] - Logfz.py] - INFO: 查询代理商管理员列表
[2019-10-24 11:32:42,024] - Logfz.py] - INFO: 新增代理商管理员
[2019-10-24 11:32:50,305] - Logfz.py] - INFO: 修改代理商管理员
[2019-10-24 11:33:17,674] - Logfz.py] - INFO: 代理商重置密码
[2019-10-24 11:34:05,701] - Logfz.py] - INFO: 查看消息通知列表
[2019-10-24 15:07:11,177] - Logfz.py] - INFO: 查看客户账号列表
[2019-10-24 15:07:36,414] - Logfz.py] - INFO: 新增客户管理员查询已有客户
[2019-10-24 15:08:16,244] - Logfz.py] - INFO: 新增客户管理员
[2019-10-24 15:08:38,417] - Logfz.py] - INFO: 修改客户管理员
[2019-10-24 15:09:33,374] - Logfz.py] - INFO: 客户重置密码
[2019-10-24 15:10:12,957] - Logfz.py] - INFO: 查询代理商管理员列表
[2019-10-24 15:10:53,240] - Logfz.py] - INFO: 新增代理商管理员
[2019-10-24 15:11:07,775] - Logfz.py] - INFO: 修改代理商管理员
[2019-10-24 15:12:09,086] - Logfz.py] - INFO: 代理商重置密码
[2019-10-24 15:13:08,162] - Logfz.py] - INFO: 查看消息通知列表
[2019-10-24 15:16:26,475] - Logfz.py] - INFO: 新增客户
[2019-10-24 15:17:11,137] - Logfz.py] - INFO: 修改客户
[2019-10-24 15:18:16,605] - Logfz.py] - INFO: 查看客户详情
[2019-10-24 15:18:45,118] - Logfz.py] - INFO: 查看班课设置列表
[2019-10-24 15:19:44,547] - Logfz.py] - INFO: 查询客户下可见商品详情（附带租户的课数）
[2019-10-24 15:19:54,307] - Logfz.py] - INFO: 客户购买课程最近十次操作记录
[2019-10-24 15:20:06,290] - Logfz.py] - INFO: 客户购买课时
[2019-10-24 15:20:24,238] - Logfz.py] - INFO: 查看客户列表
[2019-10-24 15:22:14,185] - Logfz.py] - INFO: 查看客户账号列表
[2019-10-24 15:22:33,317] - Logfz.py] - INFO: 新增客户管理员查询已有客户
[2019-10-24 15:22:45,945] - Logfz.py] - INFO: 新增客户管理员
[2019-10-24 15:22:57,856] - Logfz.py] - INFO: 修改客户管理员
[2019-10-24 15:23:10,827] - Logfz.py] - INFO: 客户重置密码
[2019-10-24 15:23:21,220] - Logfz.py] - INFO: 查询代理商管理员列表
[2019-10-24 15:23:31,837] - Logfz.py] - INFO: 新增代理商管理员
[2019-10-24 15:23:44,548] - Logfz.py] - INFO: 修改代理商管理员
[2019-10-24 15:23:55,433] - Logfz.py] - INFO: 代理商重置密码
[2019-10-24 15:24:16,162] - Logfz.py] - INFO: 查看消息通知列表
[2019-10-24 15:25:17,729] - Logfz.py] - INFO: 查询下属代理商列表
[2019-10-24 15:39:47,159] - Logfz.py] - INFO: 查看客户账号列表
[2019-10-24 15:40:20,794] - Logfz.py] - INFO: 查看客户账号列表
[2019-10-24 15:40:53,277] - Logfz.py] - INFO: 查看客户账号列表
[2019-10-24 15:41:11,854] - Logfz.py] - INFO: 新增客户管理员查询已有客户
[2019-10-24 15:44:45,527] - Logfz.py] - INFO: 查看客户账号列表
[2019-10-24 15:44:57,591] - Logfz.py] - INFO: 新增客户管理员查询已有客户
[2019-10-24 15:45:21,752] - Logfz.py] - INFO: 新增客户管理员
[2019-10-24 15:45:34,582] - Logfz.py] - INFO: 修改客户管理员
[2019-10-24 15:45:48,019] - Logfz.py] - INFO: 客户重置密码
[2019-10-24 15:46:02,656] - Logfz.py] - INFO: 查询代理商管理员列表
[2019-10-24 15:46:24,882] - Logfz.py] - INFO: 新增代理商管理员
[2019-10-24 15:46:35,397] - Logfz.py] - INFO: 修改代理商管理员
[2019-10-24 15:46:48,656] - Logfz.py] - INFO: 代理商重置密码
[2019-10-24 15:47:07,734] - Logfz.py] - INFO: 查看消息通知列表
[2019-10-24 15:47:23,021] - Logfz.py] - INFO: 查询下属代理商列表
[2019-10-24 15:47:41,526] - Logfz.py] - INFO: 查询下属代理商账户列表
[2019-10-24 15:48:04,663] - Logfz.py] - INFO: 查询下属代理商转课时记录
[2019-10-24 15:48:44,942] - Logfz.py] - INFO: 查询代理商单个转课时详情
[2019-10-24 15:49:45,203] - Logfz.py] - INFO: 查询代理商转课时的充值记录
[2019-10-24 15:50:06,262] - Logfz.py] - INFO: 给二级代理商转课时
[2019-10-24 15:50:20,890] - Logfz.py] - INFO: 首页查询代理商基本信息
[2019-10-24 15:51:35,744] - Logfz.py] - INFO: 首页查询代理商充值记录
[2019-10-24 15:51:54,213] - Logfz.py] - INFO: 首页查看消息数
[2019-10-24 15:52:20,179] - Logfz.py] - INFO: 查看所有课程商品列表
[2019-10-24 15:53:09,381] - Logfz.py] - INFO: 查看所有课程列表课程详情
[2019-10-24 15:53:40,410] - Logfz.py] - INFO: 查看客户已购课程商品列表
[2019-10-24 15:53:57,357] - Logfz.py] - INFO: 查看客户已购商品课程详情
[2019-10-24 15:54:20,578] - Logfz.py] - INFO: 新增客户
[2019-10-24 15:54:49,253] - Logfz.py] - INFO: 修改客户
[2019-10-24 15:55:06,963] - Logfz.py] - INFO: 查看客户详情
[2019-10-24 15:55:48,746] - Logfz.py] - INFO: 查看班课设置列表
[2019-10-24 15:57:23,988] - Logfz.py] - INFO: 查询客户下可见商品详情（附带租户的课数）
[2019-10-24 15:57:41,705] - Logfz.py] - INFO: 客户购买课程最近十次操作记录
[2019-10-24 15:57:59,631] - Logfz.py] - INFO: 客户购买课时
[2019-10-24 15:58:20,538] - Logfz.py] - INFO: 查看客户列表
[2019-10-24 16:08:40,443] - Logfz.py] - INFO: 查询下属代理商列表
[2019-10-24 16:09:01,170] - Logfz.py] - INFO: 查询下属代理商账户列表
[2019-10-24 16:09:32,575] - Logfz.py] - INFO: 查询下属代理商列表
[2019-10-24 16:10:02,704] - Logfz.py] - INFO: 查询下属代理商账户列表
[2019-10-24 16:10:19,368] - Logfz.py] - INFO: 查询下属代理商转课时记录
[2019-10-24 16:10:30,176] - Logfz.py] - INFO: 查询代理商单个转课时详情
[2019-10-24 16:10:46,653] - Logfz.py] - INFO: 查询代理商转课时的充值记录
[2019-10-24 16:11:00,994] - Logfz.py] - INFO: 给二级代理商转课时
[2019-10-24 16:11:30,106] - Logfz.py] - INFO: 首页查询代理商基本信息
[2019-10-24 16:11:50,018] - Logfz.py] - INFO: 新增客户
[2019-10-24 16:11:59,365] - Logfz.py] - INFO: 修改客户
[2019-10-24 16:12:38,429] - Logfz.py] - INFO: 查看客户详情
[2019-10-24 16:12:59,515] - Logfz.py] - INFO: 查看班课设置列表
[2019-10-24 16:13:41,170] - Logfz.py] - INFO: 查询客户下可见商品详情（附带租户的课数）
[2019-10-24 16:14:00,193] - Logfz.py] - INFO: 客户购买课程最近十次操作记录
[2019-10-24 16:14:35,047] - Logfz.py] - INFO: 客户购买课时
[2019-10-24 16:15:10,332] - Logfz.py] - INFO: 查看客户列表
[2019-10-24 16:15:33,888] - Logfz.py] - INFO: 客户列表导出
[2019-10-24 16:15:50,886] - Logfz.py] - INFO: 查看客户班课记录
[2019-10-24 16:28:35,981] - Logfz.py] - INFO: 查询下属代理商列表
[2019-10-24 16:28:53,733] - Logfz.py] - INFO: 查询下属代理商账户列表
[2019-10-24 16:29:14,409] - Logfz.py] - INFO: 查询下属代理商转课时记录
[2019-10-24 16:29:39,194] - Logfz.py] - INFO: 查询代理商单个转课时详情
[2019-10-24 16:30:02,311] - Logfz.py] - INFO: 查询代理商转课时的充值记录
[2019-10-24 16:30:28,204] - Logfz.py] - INFO: 给二级代理商转课时
[2019-10-24 16:30:43,614] - Logfz.py] - INFO: 首页查询代理商基本信息
[2019-10-24 16:31:42,611] - Logfz.py] - INFO: 给二级代理商转课时
[2019-10-24 16:52:52,973] - Logfz.py] - INFO: 给二级代理商转课时
[2019-10-24 16:53:56,054] - Logfz.py] - INFO: 查看客户账号列表
[2019-10-24 16:54:39,035] - Logfz.py] - INFO: 新增客户管理员查询已有客户
[2019-10-24 16:55:14,215] - Logfz.py] - INFO: 新增客户管理员
[2019-10-24 16:55:24,373] - Logfz.py] - INFO: 修改客户管理员
[2019-10-24 16:56:05,734] - Logfz.py] - INFO: 客户重置密码
[2019-10-24 16:56:20,983] - Logfz.py] - INFO: 查询代理商管理员列表
[2019-10-24 16:56:36,719] - Logfz.py] - INFO: 新增代理商管理员
[2019-10-24 16:57:08,032] - Logfz.py] - INFO: 修改代理商管理员
[2019-10-24 16:57:19,421] - Logfz.py] - INFO: 代理商重置密码
[2019-10-24 16:57:34,001] - Logfz.py] - INFO: 查看消息通知列表
[2019-10-24 16:57:47,749] - Logfz.py] - INFO: 查询下属代理商列表
[2019-10-24 16:57:58,708] - Logfz.py] - INFO: 查询下属代理商账户列表
[2019-10-24 16:58:10,113] - Logfz.py] - INFO: 查询下属代理商转课时记录
[2019-10-24 16:58:24,781] - Logfz.py] - INFO: 查询代理商单个转课时详情
[2019-10-24 16:58:35,999] - Logfz.py] - INFO: 查询代理商转课时的充值记录
[2019-10-24 16:58:57,703] - Logfz.py] - INFO: 给二级代理商转课时
[2019-10-24 16:59:17,152] - Logfz.py] - INFO: 首页查询代理商基本信息
[2019-10-24 16:59:29,901] - Logfz.py] - INFO: 首页查询代理商充值记录
[2019-10-24 16:59:50,588] - Logfz.py] - INFO: 首页查看消息数
[2019-10-24 17:00:06,067] - Logfz.py] - INFO: 查看所有课程商品列表
[2019-10-24 17:00:19,809] - Logfz.py] - INFO: 查看所有课程列表课程详情
[2019-10-24 17:00:44,790] - Logfz.py] - INFO: 查看客户已购课程商品列表
[2019-10-24 17:01:19,062] - Logfz.py] - INFO: 查看客户已购商品课程详情
[2019-10-24 17:01:37,582] - Logfz.py] - INFO: 新增客户
[2019-10-24 17:01:47,863] - Logfz.py] - INFO: 修改客户
[2019-10-24 17:02:03,620] - Logfz.py] - INFO: 查看客户详情
[2019-10-24 17:02:23,557] - Logfz.py] - INFO: 查看班课设置列表
[2019-10-24 17:02:43,879] - Logfz.py] - INFO: 查询客户下可见商品详情（附带租户的课数）
[2019-10-24 17:03:00,441] - Logfz.py] - INFO: 客户购买课程最近十次操作记录
[2019-10-24 17:03:21,702] - Logfz.py] - INFO: 客户购买课时
[2019-10-24 17:03:52,279] - Logfz.py] - INFO: 查看客户列表
[2019-10-24 17:12:52,998] - Logfz.py] - INFO: 新增客户
[2019-10-24 17:14:14,835] - Logfz.py] - INFO: 新增客户
[2019-10-24 17:16:11,452] - Logfz.py] - INFO: 新增客户
[2019-10-24 17:20:49,773] - Logfz.py] - INFO: 新增客户
[2019-10-24 17:24:31,057] - Logfz.py] - INFO: 新增客户
[2019-10-24 17:24:51,359] - Logfz.py] - INFO: 新增客户
[2019-10-24 17:27:42,761] - Logfz.py] - INFO: 新增客户
[2019-10-24 17:27:54,962] - Logfz.py] - INFO: 修改客户
[2019-10-24 17:28:04,191] - Logfz.py] - INFO: 查看客户详情
[2019-10-24 17:29:49,734] - Logfz.py] - INFO: 新增客户
[2019-10-24 17:31:54,635] - Logfz.py] - INFO: 新增客户
[2019-10-24 17:34:19,556] - Logfz.py] - INFO: 查看客户账号列表
[2019-10-24 17:34:35,773] - Logfz.py] - INFO: 新增客户管理员查询已有客户
[2019-10-24 17:34:50,444] - Logfz.py] - INFO: 新增客户管理员
[2019-10-24 17:35:12,464] - Logfz.py] - INFO: 修改客户管理员
[2019-10-24 17:35:30,366] - Logfz.py] - INFO: 客户重置密码
[2019-10-24 17:35:50,170] - Logfz.py] - INFO: 查询代理商管理员列表
[2019-10-24 17:36:02,561] - Logfz.py] - INFO: 新增代理商管理员
[2019-10-24 17:36:09,223] - Logfz.py] - INFO: 修改代理商管理员
[2019-10-24 17:36:30,411] - Logfz.py] - INFO: 代理商重置密码
[2019-10-24 17:36:42,833] - Logfz.py] - INFO: 查看消息通知列表
[2019-10-24 17:37:01,794] - Logfz.py] - INFO: 查询下属代理商列表
[2019-10-24 17:37:18,837] - Logfz.py] - INFO: 查询下属代理商账户列表
[2019-10-24 17:37:35,343] - Logfz.py] - INFO: 查询下属代理商转课时记录
[2019-10-24 17:37:45,202] - Logfz.py] - INFO: 查询代理商单个转课时详情
[2019-10-24 17:38:04,196] - Logfz.py] - INFO: 查询代理商转课时的充值记录
[2019-10-24 17:38:15,478] - Logfz.py] - INFO: 给二级代理商转课时
[2019-10-24 17:38:44,849] - Logfz.py] - INFO: 首页查询代理商基本信息
[2019-10-24 17:38:59,883] - Logfz.py] - INFO: 首页查询代理商充值记录
[2019-10-24 17:39:18,289] - Logfz.py] - INFO: 首页查看消息数
[2019-10-24 17:39:28,193] - Logfz.py] - INFO: 查看所有课程商品列表
[2019-10-24 17:39:43,266] - Logfz.py] - INFO: 查看所有课程列表课程详情
[2019-10-24 17:39:54,376] - Logfz.py] - INFO: 查看客户已购课程商品列表
[2019-10-24 17:40:07,921] - Logfz.py] - INFO: 查看客户已购商品课程详情
[2019-10-24 17:40:18,110] - Logfz.py] - INFO: 新增客户
[2019-10-24 17:40:24,510] - Logfz.py] - INFO: 修改客户
[2019-10-24 17:40:44,104] - Logfz.py] - INFO: 查看客户详情
[2019-10-24 17:40:57,317] - Logfz.py] - INFO: 查看班课设置列表
[2019-10-24 17:41:31,131] - Logfz.py] - INFO: 查询客户下可见商品详情（附带租户的课数）
[2019-10-24 17:41:40,049] - Logfz.py] - INFO: 客户购买课程最近十次操作记录
[2019-10-24 17:41:52,318] - Logfz.py] - INFO: 客户购买课时
[2019-10-24 17:42:15,464] - Logfz.py] - INFO: 查看客户列表
[2019-10-24 17:42:26,875] - Logfz.py] - INFO: 客户列表导出
[2019-10-24 17:42:41,071] - Logfz.py] - INFO: 查看客户班课记录
