[2019-10-23 16:30:27,503] - Logfz.py] - INFO: 查看客户账号列表
[2019-10-23 16:30:34,820] - Logfz.py] - INFO: 新增客户管理员查询已有客户
[2019-10-23 16:30:45,434] - Logfz.py] - INFO: 新增客户管理员
[2019-10-23 16:30:55,080] - Logfz.py] - INFO: 修改客户管理员
[2019-10-23 16:31:03,229] - Logfz.py] - INFO: 客户重置密码
[2019-10-23 16:31:11,464] - Logfz.py] - INFO: 查询代理商管理员列表
[2019-10-23 16:31:21,565] - Logfz.py] - INFO: 新增代理商管理员
[2019-10-23 16:31:28,899] - Logfz.py] - INFO: 修改代理商管理员
[2019-10-23 16:31:38,155] - Logfz.py] - INFO: 代理商重置密码
[2019-10-23 16:31:46,807] - Logfz.py] - INFO: 查看消息通知列表
[2019-10-23 16:32:21,074] - Logfz.py] - INFO: 查询下属代理商列表
[2019-10-23 16:32:30,200] - Logfz.py] - INFO: 查询下属代理商账户列表
[2019-10-23 16:32:42,776] - Logfz.py] - INFO: 查询下属代理商转课时记录
[2019-10-23 16:32:53,089] - Logfz.py] - INFO: 查询代理商单个转课时详情
[2019-10-23 16:33:12,055] - Logfz.py] - INFO: 查询代理商转课时的充值记录
[2019-10-23 16:33:24,209] - Logfz.py] - INFO: 给二级代理商转课时
[2019-10-23 16:33:34,586] - Logfz.py] - INFO: 首页查询代理商基本信息
[2019-10-23 16:33:55,610] - Logfz.py] - INFO: 首页查询代理商充值记录
[2019-10-23 16:34:12,044] - Logfz.py] - INFO: 首页查看消息数
[2019-10-23 16:36:53,157] - Logfz.py] - INFO: 查看所有课程商品列表
[2019-10-23 16:37:18,301] - Logfz.py] - INFO: 查看所有课程列表课程详情
[2019-10-23 16:37:36,067] - Logfz.py] - INFO: 查看客户已购课程商品列表
[2019-10-23 16:37:55,888] - Logfz.py] - INFO: 查看客户已购商品课程详情
[2019-10-23 16:42:54,697] - Logfz.py] - INFO: 新增客户
[2019-10-23 16:43:16,501] - Logfz.py] - INFO: 修改客户
[2019-10-23 16:43:32,993] - Logfz.py] - INFO: 查看客户详情
[2019-10-23 16:43:48,110] - Logfz.py] - INFO: 查看班课设置列表
[2019-10-23 16:44:08,780] - Logfz.py] - INFO: 查询客户下可见商品详情（附带租户的课数）
[2019-10-23 16:44:25,752] - Logfz.py] - INFO: 客户购买课程最近十次操作记录
[2019-10-23 16:44:38,051] - Logfz.py] - INFO: 客户购买课时
[2019-10-23 16:44:50,227] - Logfz.py] - INFO: 查看客户列表
[2019-10-23 17:43:44,895] - Logfz.py] - INFO: 查询下属代理商列表
[2019-10-23 17:43:52,962] - Logfz.py] - INFO: 查询下属代理商账户列表
[2019-10-23 17:44:03,430] - Logfz.py] - INFO: 查询下属代理商转课时记录
[2019-10-23 17:44:11,381] - Logfz.py] - INFO: 查询代理商单个转课时详情
[2019-10-23 17:44:18,941] - Logfz.py] - INFO: 查询代理商转课时的充值记录
[2019-10-23 17:44:26,705] - Logfz.py] - INFO: 给二级代理商转课时
[2019-10-23 17:44:34,815] - Logfz.py] - INFO: 首页查询代理商基本信息
[2019-10-23 17:44:43,079] - Logfz.py] - INFO: 首页查询代理商充值记录
[2019-10-23 17:44:51,709] - Logfz.py] - INFO: 首页查看消息数
[2019-10-23 18:40:20,257] - Logfz.py] - INFO: 查看所有课程商品列表
[2019-10-23 18:40:49,907] - Logfz.py] - INFO: 查看所有课程列表课程详情
[2019-10-23 18:41:01,517] - Logfz.py] - INFO: 查看客户已购课程商品列表
[2019-10-23 18:41:16,102] - Logfz.py] - INFO: 查看客户已购商品课程详情
