[2019-10-21 11:08:57,597] - Logfz.py] - INFO: 查询下属代理商列表
[2019-10-21 11:09:08,865] - Logfz.py] - INFO: 查询下属代理商账户列表
[2019-10-21 11:09:20,405] - Logfz.py] - INFO: 查询下属代理商转课时记录
[2019-10-21 11:09:40,964] - Logfz.py] - INFO: 查询代理商单个转课时详情
[2019-10-21 11:09:50,810] - Logfz.py] - INFO: 查询代理商转课时的充值记录
[2019-10-21 11:09:59,236] - Logfz.py] - INFO: 给二级代理商转课时
[2019-10-21 11:10:14,454] - Logfz.py] - INFO: 新增客户
[2019-10-21 11:32:53,140] - Logfz.py] - INFO: 查询下属代理商列表
[2019-10-21 11:33:00,822] - Logfz.py] - INFO: 查询下属代理商账户列表
[2019-10-21 11:33:08,230] - Logfz.py] - INFO: 查询下属代理商转课时记录
[2019-10-21 11:33:15,855] - Logfz.py] - INFO: 查询代理商单个转课时详情
[2019-10-21 11:33:23,626] - Logfz.py] - INFO: 查询代理商转课时的充值记录
[2019-10-21 11:33:32,150] - Logfz.py] - INFO: 给二级代理商转课时
[2019-10-21 11:33:40,480] - Logfz.py] - INFO: 新增客户
[2019-10-21 11:33:47,685] - Logfz.py] - INFO: 修改客户
[2019-10-21 11:33:56,659] - Logfz.py] - INFO: 查看客户详情
[2019-10-21 11:34:01,949] - Logfz.py] - INFO: 查看班课设置列表
[2019-10-21 14:43:59,628] - Logfz.py] - INFO: 查询下属代理商列表
[2019-10-21 14:44:20,400] - Logfz.py] - INFO: 查询下属代理商账户列表
[2019-10-21 14:45:08,387] - Logfz.py] - INFO: 查询下属代理商转课时记录
[2019-10-21 14:46:54,136] - Logfz.py] - INFO: 查询代理商单个转课时详情
[2019-10-21 14:47:13,799] - Logfz.py] - INFO: 查询代理商转课时的充值记录
[2019-10-21 14:47:34,093] - Logfz.py] - INFO: 给二级代理商转课时
[2019-10-21 14:47:52,099] - Logfz.py] - INFO: 新增客户
[2019-10-21 14:48:25,450] - Logfz.py] - INFO: 修改客户
[2019-10-21 14:48:58,011] - Logfz.py] - INFO: 查看客户详情
[2019-10-21 14:49:06,464] - Logfz.py] - INFO: 查看班课设置列表
[2019-10-21 14:49:44,405] - Logfz.py] - INFO: 查询客户下可见商品详情（附带租户的课数）
[2019-10-21 14:49:57,166] - Logfz.py] - INFO: 客户购买课程最近十次操作记录
[2019-10-21 14:50:27,103] - Logfz.py] - INFO: 客户购买课时
[2019-10-21 15:20:51,370] - Logfz.py] - INFO: 查看客户账号列表
[2019-10-21 15:21:04,236] - Logfz.py] - INFO: 查看客户账号列表
[2019-10-21 16:00:27,005] - Logfz.py] - INFO: 查看客户账号列表
[2019-10-21 16:00:53,188] - Logfz.py] - INFO: 新增客户管理员查询已有客户
[2019-10-21 16:01:18,099] - Logfz.py] - INFO: 新增客户管理员
[2019-10-21 16:01:27,596] - Logfz.py] - INFO: 修改客户
[2019-10-21 16:02:02,331] - Logfz.py] - INFO: 客户重置密码
[2019-10-21 16:02:28,569] - Logfz.py] - INFO: 查询代理商管理员列表
[2019-10-21 16:02:40,852] - Logfz.py] - INFO: 新增代理商管理员
[2019-10-21 16:02:50,944] - Logfz.py] - INFO: 修改代理商管理员
[2019-10-21 16:03:08,680] - Logfz.py] - INFO: 代理商重置密码
[2019-10-21 16:03:20,991] - Logfz.py] - INFO: 查看消息通知列表
[2019-10-21 16:20:53,558] - Logfz.py] - INFO: 查询下属代理商列表
[2019-10-21 16:21:24,215] - Logfz.py] - INFO: 查询下属代理商列表
[2019-10-21 16:21:32,117] - Logfz.py] - INFO: 查询下属代理商账户列表
[2019-10-21 16:21:43,493] - Logfz.py] - INFO: 查询下属代理商转课时记录
[2019-10-21 16:22:40,221] - Logfz.py] - INFO: 查询代理商单个转课时详情
[2019-10-21 16:22:49,304] - Logfz.py] - INFO: 查询代理商转课时的充值记录
[2019-10-21 16:23:03,241] - Logfz.py] - INFO: 给二级代理商转课时
[2019-10-21 16:23:15,192] - Logfz.py] - INFO: 新增客户
[2019-10-21 16:23:22,759] - Logfz.py] - INFO: 修改客户
[2019-10-21 16:23:36,159] - Logfz.py] - INFO: 查看客户详情
[2019-10-21 16:23:48,930] - Logfz.py] - INFO: 查看班课设置列表
[2019-10-21 16:23:58,845] - Logfz.py] - INFO: 查询客户下可见商品详情（附带租户的课数）
[2019-10-21 16:24:07,870] - Logfz.py] - INFO: 客户购买课程最近十次操作记录
[2019-10-21 16:24:24,133] - Logfz.py] - INFO: 客户购买课时
[2019-10-21 17:25:19,438] - Logfz.py] - INFO: 查看所有课程商品列表
[2019-10-21 17:25:31,268] - Logfz.py] - INFO: 查看所有课程列表课程详情
[2019-10-21 17:25:42,792] - Logfz.py] - INFO: 查看客户已购课程商品列表
[2019-10-21 17:26:14,830] - Logfz.py] - INFO: 查看客户已购商品课程详情
[2019-10-21 17:36:46,349] - Logfz.py] - INFO: 新增客户
[2019-10-21 17:36:53,363] - Logfz.py] - INFO: 修改客户
[2019-10-21 17:37:00,976] - Logfz.py] - INFO: 查看客户详情
[2019-10-21 17:37:08,926] - Logfz.py] - INFO: 查看班课设置列表
[2019-10-21 17:37:17,329] - Logfz.py] - INFO: 查询客户下可见商品详情（附带租户的课数）
[2019-10-21 17:37:25,664] - Logfz.py] - INFO: 客户购买课程最近十次操作记录
[2019-10-21 17:37:34,603] - Logfz.py] - INFO: 客户购买课时
[2019-10-21 17:37:43,454] - Logfz.py] - INFO: 查看客户列表
[2019-10-21 17:42:52,327] - Logfz.py] - INFO: 查询下属代理商列表
[2019-10-21 17:43:01,272] - Logfz.py] - INFO: 查询下属代理商账户列表
[2019-10-21 17:43:10,487] - Logfz.py] - INFO: 查询下属代理商转课时记录
[2019-10-21 17:43:18,275] - Logfz.py] - INFO: 查询代理商单个转课时详情
[2019-10-21 17:43:47,075] - Logfz.py] - INFO: 查询代理商转课时的充值记录
[2019-10-21 17:43:57,762] - Logfz.py] - INFO: 给二级代理商转课时
[2019-10-21 17:52:59,612] - Logfz.py] - INFO: 查询下属代理商列表
[2019-10-21 17:53:07,252] - Logfz.py] - INFO: 查询下属代理商账户列表
[2019-10-21 17:53:15,744] - Logfz.py] - INFO: 查询下属代理商转课时记录
[2019-10-21 17:53:23,553] - Logfz.py] - INFO: 查询代理商单个转课时详情
[2019-10-21 17:53:31,466] - Logfz.py] - INFO: 查询代理商转课时的充值记录
[2019-10-21 17:53:39,952] - Logfz.py] - INFO: 给二级代理商转课时
[2019-10-21 17:54:00,267] - Logfz.py] - INFO: 首页查询代理商基本信息
[2019-10-21 17:54:09,278] - Logfz.py] - INFO: 首页查询代理商充值记录
[2019-10-21 17:54:22,156] - Logfz.py] - INFO: 首页查看消息数
[2019-10-21 18:12:34,967] - Logfz.py] - INFO: 查看所有课程商品列表
[2019-10-21 18:12:44,726] - Logfz.py] - INFO: 查看所有课程列表课程详情
[2019-10-21 18:12:52,837] - Logfz.py] - INFO: 查看客户已购课程商品列表
[2019-10-21 18:13:00,678] - Logfz.py] - INFO: 查看客户已购商品课程详情
[2019-10-21 18:33:34,422] - Logfz.py] - INFO: 查看客户账号列表
[2019-10-21 18:33:42,567] - Logfz.py] - INFO: 新增客户管理员查询已有客户
[2019-10-21 18:33:57,526] - Logfz.py] - INFO: 新增客户管理员
[2019-10-21 18:34:04,204] - Logfz.py] - INFO: 修改客户管理员
[2019-10-21 18:34:15,576] - Logfz.py] - INFO: 客户重置密码
[2019-10-21 18:34:23,040] - Logfz.py] - INFO: 查询代理商管理员列表
[2019-10-21 18:34:35,850] - Logfz.py] - INFO: 新增代理商管理员
[2019-10-21 18:34:42,863] - Logfz.py] - INFO: 修改代理商管理员
[2019-10-21 18:34:49,060] - Logfz.py] - INFO: 代理商重置密码
[2019-10-21 18:34:57,828] - Logfz.py] - INFO: 查看消息通知列表
[2019-10-21 18:40:00,960] - Logfz.py] - INFO: 查看客户账号列表
[2019-10-21 18:40:05,788] - Logfz.py] - INFO: 新增客户管理员查询已有客户
[2019-10-21 18:40:10,701] - Logfz.py] - INFO: 新增客户管理员
[2019-10-21 18:41:23,169] - Logfz.py] - INFO: 查看客户账号列表
[2019-10-21 18:41:29,431] - Logfz.py] - INFO: 新增客户管理员查询已有客户
[2019-10-21 18:41:35,781] - Logfz.py] - INFO: 新增客户管理员
[2019-10-21 18:41:43,614] - Logfz.py] - INFO: 修改客户管理员
[2019-10-21 18:41:50,237] - Logfz.py] - INFO: 客户重置密码
[2019-10-21 18:41:57,167] - Logfz.py] - INFO: 查询代理商管理员列表
[2019-10-21 18:42:04,559] - Logfz.py] - INFO: 新增代理商管理员
[2019-10-21 18:42:13,449] - Logfz.py] - INFO: 修改代理商管理员
[2019-10-21 18:42:20,645] - Logfz.py] - INFO: 代理商重置密码
[2019-10-21 18:42:27,698] - Logfz.py] - INFO: 查看消息通知列表
[2019-10-21 18:43:52,098] - Logfz.py] - INFO: 查看客户账号列表
[2019-10-21 18:43:59,705] - Logfz.py] - INFO: 新增客户管理员查询已有客户
[2019-10-21 18:44:10,643] - Logfz.py] - INFO: 新增客户管理员
[2019-10-21 18:44:22,083] - Logfz.py] - INFO: 修改客户管理员
[2019-10-21 18:44:37,980] - Logfz.py] - INFO: 客户重置密码
[2019-10-21 18:50:20,175] - Logfz.py] - INFO: 查看客户账号列表
[2019-10-21 18:51:31,840] - Logfz.py] - INFO: 查看客户账号列表
[2019-10-21 18:51:37,530] - Logfz.py] - INFO: 新增客户管理员查询已有客户
[2019-10-21 18:51:41,601] - Logfz.py] - INFO: 新增客户管理员
[2019-10-21 18:57:09,684] - Logfz.py] - INFO: 查看客户账号列表
[2019-10-21 18:58:17,988] - Logfz.py] - INFO: 查看客户账号列表
[2019-10-21 18:58:25,778] - Logfz.py] - INFO: 新增客户管理员查询已有客户
[2019-10-21 18:58:37,411] - Logfz.py] - INFO: 新增客户管理员
[2019-10-21 18:58:52,983] - Logfz.py] - INFO: 修改客户管理员
[2019-10-21 18:59:01,862] - Logfz.py] - INFO: 客户重置密码
[2019-10-21 18:59:22,379] - Logfz.py] - INFO: 查询代理商管理员列表
[2019-10-21 18:59:33,608] - Logfz.py] - INFO: 新增代理商管理员
[2019-10-21 18:59:53,436] - Logfz.py] - INFO: 修改代理商管理员
[2019-10-21 19:00:14,557] - Logfz.py] - INFO: 代理商重置密码
[2019-10-21 19:00:26,151] - Logfz.py] - INFO: 查看消息通知列表
