[2019-10-25 15:20:42,495] - Logfz.py] - INFO: 查看所有课程商品列表
[2019-10-25 15:20:51,303] - Logfz.py] - INFO: 查看所有课程列表课程详情
[2019-10-25 15:21:13,707] - Logfz.py] - INFO: 查看客户已购课程商品列表
[2019-10-25 15:21:26,887] - Logfz.py] - INFO: 查看客户已购商品课程详情
[2019-10-25 15:24:17,135] - Logfz.py] - INFO: 查看所有课程商品列表
[2019-10-25 15:24:36,155] - Logfz.py] - INFO: 查看所有课程列表课程详情
[2019-10-25 15:35:58,145] - Logfz.py] - INFO: 查看所有课程商品列表
[2019-10-25 15:36:16,418] - Logfz.py] - INFO: 查看所有课程列表课程详情
[2019-10-25 15:36:26,194] - Logfz.py] - INFO: 查看客户已购课程商品列表
[2019-10-25 15:36:39,270] - Logfz.py] - INFO: 查看客户已购商品课程详情
[2019-10-25 15:49:35,683] - Logfz.py] - INFO: 查询我的班课列表
[2019-10-25 15:50:00,643] - Logfz.py] - INFO: 消息通知
[2019-10-25 15:50:50,254] - Logfz.py] - INFO: 查询我的班课列表
[2019-10-25 15:51:03,217] - Logfz.py] - INFO: 消息通知
[2019-10-25 15:51:12,186] - Logfz.py] - INFO: 查看班级下的课程概览
[2019-10-25 15:54:27,168] - Logfz.py] - INFO: 查询我的班课列表
[2019-10-25 15:54:35,213] - Logfz.py] - INFO: 消息通知
[2019-10-25 15:54:39,966] - Logfz.py] - INFO: 查看班级下的课程概览
[2019-10-25 15:55:40,031] - Logfz.py] - INFO: 查询我的班课列表
[2019-10-25 15:55:49,137] - Logfz.py] - INFO: 消息通知
[2019-10-25 15:55:58,194] - Logfz.py] - INFO: 查看班级下的课程概览
[2019-10-25 16:41:01,753] - Logfz.py] - INFO: 查询班级下的课程目录（包含章节和课时）
[2019-10-25 16:41:16,149] - Logfz.py] - INFO: 课时锁定
[2019-10-25 16:41:31,772] - Logfz.py] - INFO: 查看课时详情
[2019-10-25 16:41:49,718] - Logfz.py] - INFO: 查看课时详情（老师指导手册）
[2019-10-25 16:42:19,941] - Logfz.py] - INFO: 查看课时详情（演示视频）
[2019-10-25 16:42:39,765] - Logfz.py] - INFO: 查看课时详情（演示PPT）
[2019-10-25 16:42:52,925] - Logfz.py] - INFO: 查看课时详情（课堂测验解析）
[2019-10-25 16:43:03,410] - Logfz.py] - INFO: 查看课时详情（学生任务进度）
[2019-10-25 17:12:11,163] - Logfz.py] - INFO: 学情分析-上课进度
[2019-10-25 17:12:19,640] - Logfz.py] - INFO: 上课进度导出报表
[2019-10-25 17:12:29,578] - Logfz.py] - INFO: 学情分析-测验结果
[2019-10-25 17:12:41,545] - Logfz.py] - INFO: 测验结果导出报表
[2019-10-25 17:13:21,016] - Logfz.py] - INFO: 学情分析-掌握知识点
[2019-10-25 17:13:33,033] - Logfz.py] - INFO: 掌握知识点导出报表
[2019-10-25 17:23:45,349] - Logfz.py] - INFO: 查询学生信息列表
[2019-10-25 17:23:54,232] - Logfz.py] - INFO: 添加新学生
[2019-10-25 17:24:01,640] - Logfz.py] - INFO: 添加学生-查看从机构拉取列表
[2019-10-25 17:24:13,213] - Logfz.py] - INFO: 从机构拉取添加学生
[2019-10-25 17:24:22,011] - Logfz.py] - INFO: 重置密码
[2019-10-25 17:32:21,722] - Logfz.py] - INFO: 修改个人基本信息
[2019-10-25 17:32:30,745] - Logfz.py] - INFO: 个人信息修改密码
[2019-10-25 17:32:39,365] - Logfz.py] - INFO: 获取手机验证码
[2019-10-25 17:32:47,772] - Logfz.py] - INFO: 查询央馆用户的userid
[2019-10-25 17:32:56,470] - Logfz.py] - INFO: 老师反馈信息
[2019-10-25 17:34:03,087] - Logfz.py] - INFO: 查询我的班课列表
[2019-10-25 17:34:12,049] - Logfz.py] - INFO: 消息通知
[2019-10-25 17:34:21,367] - Logfz.py] - INFO: 查看消息列表
[2019-10-25 17:34:30,479] - Logfz.py] - INFO: 查看班级下的课程概览
[2019-10-25 17:34:39,456] - Logfz.py] - INFO: 查询班级下的课程目录（包含章节和课时）
[2019-10-25 17:34:47,875] - Logfz.py] - INFO: 课时锁定
[2019-10-25 17:34:56,360] - Logfz.py] - INFO: 查看课时详情
[2019-10-25 17:35:08,729] - Logfz.py] - INFO: 查看课时详情（老师指导手册）
[2019-10-25 17:35:17,952] - Logfz.py] - INFO: 查看课时详情（演示视频）
[2019-10-25 17:35:27,321] - Logfz.py] - INFO: 查看课时详情（演示PPT）
[2019-10-25 17:35:36,682] - Logfz.py] - INFO: 查看课时详情（课堂测验解析）
[2019-10-25 17:36:00,656] - Logfz.py] - INFO: 查看课时详情（学生任务进度）
[2019-10-25 17:36:10,305] - Logfz.py] - INFO: 学情分析-上课进度
[2019-10-25 17:36:21,111] - Logfz.py] - INFO: 上课进度导出报表
[2019-10-25 17:36:31,032] - Logfz.py] - INFO: 学情分析-测验结果
[2019-10-25 17:36:41,101] - Logfz.py] - INFO: 测验结果导出报表
[2019-10-25 17:36:51,333] - Logfz.py] - INFO: 学情分析-掌握知识点
[2019-10-25 17:37:04,548] - Logfz.py] - INFO: 掌握知识点导出报表
[2019-10-25 17:37:15,762] - Logfz.py] - INFO: 查询学生信息列表
[2019-10-25 17:37:34,587] - Logfz.py] - INFO: 添加新学生
[2019-10-25 17:37:52,919] - Logfz.py] - INFO: 添加学生-查看从机构拉取列表
[2019-10-25 17:38:04,047] - Logfz.py] - INFO: 从机构拉取添加学生
[2019-10-25 17:38:16,010] - Logfz.py] - INFO: 重置密码
[2019-10-25 18:02:34,577] - Logfz.py] - INFO: 查询我的班课列表
[2019-10-25 18:03:55,318] - Logfz.py] - INFO: 查询我的班课列表
[2019-10-25 18:04:24,725] - Logfz.py] - INFO: 消息通知
[2019-10-25 18:08:47,510] - Logfz.py] - INFO: 查询我的班课列表
[2019-10-25 18:09:16,913] - Logfz.py] - INFO: 消息通知
[2019-10-25 18:09:34,296] - Logfz.py] - INFO: 查看消息列表
[2019-10-25 18:10:10,663] - Logfz.py] - INFO: 查看班级下的课程概览
[2019-10-25 18:13:12,232] - Logfz.py] - INFO: 查询班级下的课程目录（包含章节和课时）
[2019-10-25 18:13:33,821] - Logfz.py] - INFO: 课时锁定
[2019-10-25 18:14:01,847] - Logfz.py] - INFO: 学情分析-上课进度
[2019-10-25 18:14:16,720] - Logfz.py] - INFO: 查询班级下的课程目录（包含章节和课时）
[2019-10-25 18:14:27,807] - Logfz.py] - INFO: 课时锁定
[2019-10-25 18:14:44,654] - Logfz.py] - INFO: 查询学生信息列表
[2019-10-25 18:14:57,178] - Logfz.py] - INFO: 添加新学生
[2019-10-25 18:32:11,925] - Logfz.py] - INFO: 修改个人基本信息
[2019-10-25 18:32:30,477] - Logfz.py] - INFO: 个人信息修改密码
[2019-10-25 18:32:51,919] - Logfz.py] - INFO: 获取手机验证码
[2019-10-25 18:33:39,916] - Logfz.py] - INFO: 修改个人基本信息
[2019-10-25 18:34:02,952] - Logfz.py] - INFO: 个人信息修改密码
[2019-10-25 18:34:30,426] - Logfz.py] - INFO: 获取手机验证码
[2019-10-25 18:35:52,796] - Logfz.py] - INFO: 修改个人基本信息
[2019-10-25 18:36:07,487] - Logfz.py] - INFO: 个人信息修改密码
[2019-10-25 18:36:20,661] - Logfz.py] - INFO: 获取手机验证码
[2019-10-25 18:36:44,028] - Logfz.py] - INFO: 修改个人基本信息
[2019-10-25 18:37:02,248] - Logfz.py] - INFO: 个人信息修改密码
[2019-10-25 18:38:30,372] - Logfz.py] - INFO: 获取手机验证码
[2019-10-25 18:40:54,633] - Logfz.py] - INFO: 查询央馆用户的userid
[2019-10-25 18:45:47,098] - Logfz.py] - INFO: 修改个人基本信息
[2019-10-25 18:47:10,848] - Logfz.py] - INFO: 个人信息修改密码
[2019-10-25 18:47:32,262] - Logfz.py] - INFO: 获取手机验证码
[2019-10-25 18:47:54,677] - Logfz.py] - INFO: 查询央馆用户的userid
[2019-10-25 18:48:19,744] - Logfz.py] - INFO: 老师反馈信息
