[2019-10-22 10:03:48,942] - Logfz.py] - INFO: 查看所有课程商品列表
[2019-10-22 10:03:56,872] - Logfz.py] - INFO: 查看所有课程列表课程详情
[2019-10-22 10:04:04,360] - Logfz.py] - INFO: 查看客户已购课程商品列表
[2019-10-22 10:06:29,177] - Logfz.py] - INFO: 查看所有课程商品列表
[2019-10-22 10:06:41,102] - Logfz.py] - INFO: 查看所有课程列表课程详情
[2019-10-22 10:06:49,147] - Logfz.py] - INFO: 查看客户已购课程商品列表
[2019-10-22 10:07:05,860] - Logfz.py] - INFO: 查看客户已购商品课程详情
[2019-10-22 10:07:52,317] - Logfz.py] - INFO: 查询下属代理商列表
[2019-10-22 10:08:03,112] - Logfz.py] - INFO: 查询下属代理商账户列表
[2019-10-22 10:08:15,600] - Logfz.py] - INFO: 查询下属代理商转课时记录
[2019-10-22 10:08:34,063] - Logfz.py] - INFO: 查询代理商单个转课时详情
[2019-10-22 10:08:49,068] - Logfz.py] - INFO: 查询代理商转课时的充值记录
[2019-10-22 10:08:57,728] - Logfz.py] - INFO: 给二级代理商转课时
[2019-10-22 10:09:08,147] - Logfz.py] - INFO: 首页查询代理商基本信息
[2019-10-22 10:09:19,857] - Logfz.py] - INFO: 首页查询代理商充值记录
[2019-10-22 10:09:29,800] - Logfz.py] - INFO: 首页查看消息数
[2019-10-22 10:12:23,378] - Logfz.py] - INFO: 查看所有课程商品列表
[2019-10-22 10:12:32,648] - Logfz.py] - INFO: 查看所有课程列表课程详情
[2019-10-22 10:12:44,371] - Logfz.py] - INFO: 查看所有课程商品列表
[2019-10-22 10:13:20,291] - Logfz.py] - INFO: 查看所有课程列表课程详情
[2019-10-22 10:13:34,142] - Logfz.py] - INFO: 查看客户已购课程商品列表
[2019-10-22 10:13:44,187] - Logfz.py] - INFO: 查看客户已购商品课程详情
[2019-10-22 10:21:18,362] - Logfz.py] - INFO: 查看所有课程商品列表
[2019-10-22 10:21:26,689] - Logfz.py] - INFO: 查看所有课程列表课程详情
[2019-10-22 10:21:35,180] - Logfz.py] - INFO: 查看客户已购课程商品列表
[2019-10-22 10:21:43,383] - Logfz.py] - INFO: 查看客户已购商品课程详情
[2019-10-22 10:31:48,714] - Logfz.py] - INFO: 查看所有课程商品列表
[2019-10-22 10:31:54,965] - Logfz.py] - INFO: 查看所有课程列表课程详情
[2019-10-22 10:31:59,510] - Logfz.py] - INFO: 查看客户已购课程商品列表
[2019-10-22 10:32:03,004] - Logfz.py] - INFO: 查看客户已购商品课程详情
[2019-10-22 10:32:27,250] - Logfz.py] - INFO: 查看所有课程商品列表
[2019-10-22 10:32:41,121] - Logfz.py] - INFO: 查看所有课程列表课程详情
[2019-10-22 10:34:50,308] - Logfz.py] - INFO: 查看所有课程商品列表
[2019-10-22 10:35:11,536] - Logfz.py] - INFO: 查看所有课程列表课程详情
[2019-10-22 10:43:09,811] - Logfz.py] - INFO: 查看所有课程商品列表
[2019-10-22 10:43:20,289] - Logfz.py] - INFO: 查看所有课程列表课程详情
[2019-10-22 11:00:48,903] - Logfz.py] - INFO: 查看所有课程商品列表
[2019-10-22 11:01:44,370] - Logfz.py] - INFO: 查看所有课程列表课程详情
[2019-10-22 11:02:23,396] - Logfz.py] - INFO: 查看客户已购课程商品列表
[2019-10-22 11:03:07,309] - Logfz.py] - INFO: 查看客户已购商品课程详情
