[2020-02-11 17:37:44,647] - Logfz.py] - INFO: 查看所有课程商品列表
[2020-02-11 17:39:06,278] - Logfz.py] - INFO: 查看所有课程商品列表
[2020-02-11 17:39:08,778] - Logfz.py] - INFO: 查看所有课程列表课程详情
[2020-02-11 17:39:08,781] - Logfz.py] - INFO: 查看客户已购课程商品列表
[2020-02-11 17:39:13,240] - Logfz.py] - INFO: 查看客户已购商品课程详情
[2020-02-11 17:39:53,157] - Logfz.py] - INFO: 查看所有课程商品列表
[2020-02-11 17:39:53,160] - Logfz.py] - INFO: 查看所有课程列表课程详情
[2020-02-11 17:39:53,164] - Logfz.py] - INFO: 查看客户已购课程商品列表
[2020-02-11 17:39:53,172] - Logfz.py] - INFO: 查看客户已购商品课程详情
[2020-02-11 17:41:07,419] - Logfz.py] - INFO: 查看所有课程商品列表
[2020-02-11 17:41:07,421] - Logfz.py] - INFO: 查看所有课程列表课程详情
[2020-02-11 17:41:07,425] - Logfz.py] - INFO: 查看客户已购课程商品列表
[2020-02-11 17:41:07,426] - Logfz.py] - INFO: 查看客户已购商品课程详情
[2020-02-11 17:42:36,472] - Logfz.py] - INFO: 查看所有课程商品列表
[2020-02-11 17:42:36,474] - Logfz.py] - INFO: 查看所有课程列表课程详情
[2020-02-11 17:42:38,807] - Logfz.py] - INFO: 查看客户已购课程商品列表
[2020-02-11 17:42:38,809] - Logfz.py] - INFO: 查看客户已购商品课程详情
[2020-02-11 17:44:58,213] - Logfz.py] - INFO: 查看所有课程商品列表
[2020-02-11 17:44:58,217] - Logfz.py] - INFO: 查看所有课程列表课程详情
[2020-02-11 17:44:58,221] - Logfz.py] - INFO: 查看客户已购课程商品列表
[2020-02-11 17:44:58,224] - Logfz.py] - INFO: 查看客户已购商品课程详情
[2020-02-11 17:45:33,489] - Logfz.py] - INFO: 查看所有课程商品列表
[2020-02-11 17:45:33,490] - Logfz.py] - INFO: 查看所有课程列表课程详情
[2020-02-11 17:45:33,496] - Logfz.py] - INFO: 查看客户已购课程商品列表
[2020-02-11 17:45:33,498] - Logfz.py] - INFO: 查看客户已购商品课程详情
[2020-02-11 17:59:03,943] - Logfz.py] - INFO: 查看所有课程商品列表
[2020-02-11 17:59:03,945] - Logfz.py] - INFO: 查看所有课程列表课程详情
[2020-02-11 17:59:03,973] - Logfz.py] - INFO: 查看客户已购课程商品列表
[2020-02-11 17:59:03,974] - Logfz.py] - INFO: 查看客户已购商品课程详情
[2020-02-11 18:02:03,559] - Logfz.py] - INFO: 查看所有课程商品列表
[2020-02-11 18:02:03,561] - Logfz.py] - INFO: 查看所有课程列表课程详情
[2020-02-11 18:02:03,594] - Logfz.py] - INFO: 查看客户已购课程商品列表
[2020-02-11 18:02:03,595] - Logfz.py] - INFO: 查看客户已购商品课程详情
[2020-02-11 18:02:48,509] - Logfz.py] - INFO: 查看所有课程商品列表
[2020-02-11 18:02:48,512] - Logfz.py] - INFO: 查看所有课程列表课程详情
[2020-02-11 18:02:48,847] - Logfz.py] - INFO: 查看客户已购课程商品列表
[2020-02-11 18:02:48,849] - Logfz.py] - INFO: 查看客户已购商品课程详情
[2020-02-11 18:06:37,703] - Logfz.py] - INFO: 查看所有课程商品列表
[2020-02-11 18:06:37,705] - Logfz.py] - INFO: 查看所有课程列表课程详情
[2020-02-11 18:06:37,744] - Logfz.py] - INFO: 查看客户已购课程商品列表
[2020-02-11 18:06:37,746] - Logfz.py] - INFO: 查看客户已购商品课程详情
[2020-02-11 18:08:10,340] - Logfz.py] - INFO: 查看所有课程商品列表
[2020-02-11 18:08:10,341] - Logfz.py] - INFO: 查看所有课程列表课程详情
[2020-02-11 18:08:17,346] - Logfz.py] - INFO: 查看客户已购课程商品列表
[2020-02-11 18:08:17,348] - Logfz.py] - INFO: 查看客户已购商品课程详情
[2020-02-11 18:08:26,737] - Logfz.py] - INFO: 查看所有课程商品列表
[2020-02-11 18:08:26,739] - Logfz.py] - INFO: 查看所有课程列表课程详情
[2020-02-11 18:08:33,323] - Logfz.py] - INFO: 查看客户已购课程商品列表
[2020-02-11 18:08:33,325] - Logfz.py] - INFO: 查看客户已购商品课程详情
[2020-02-11 18:09:58,917] - Logfz.py] - INFO: 查看所有课程商品列表
[2020-02-11 18:09:58,920] - Logfz.py] - INFO: 查看所有课程列表课程详情
[2020-02-11 18:10:05,477] - Logfz.py] - INFO: 查看客户已购课程商品列表
[2020-02-11 18:10:05,479] - Logfz.py] - INFO: 查看客户已购商品课程详情
[2020-02-11 18:12:47,666] - Logfz.py] - INFO: 查看所有课程商品列表
[2020-02-11 18:12:47,673] - Logfz.py] - INFO: 查看所有课程列表课程详情
[2020-02-11 18:18:55,575] - Logfz.py] - INFO: 查看所有课程商品列表
[2020-02-11 18:18:55,576] - Logfz.py] - INFO: 查看所有课程列表课程详情
[2020-02-11 18:18:57,620] - Logfz.py] - INFO: 查看客户已购课程商品列表
[2020-02-11 18:18:57,622] - Logfz.py] - INFO: 查看客户已购商品课程详情
[2020-02-11 18:19:24,625] - Logfz.py] - INFO: 查看所有课程商品列表
[2020-02-11 18:19:24,627] - Logfz.py] - INFO: 查看所有课程列表课程详情
[2020-02-11 18:19:26,794] - Logfz.py] - INFO: 查看客户已购课程商品列表
[2020-02-11 18:19:26,797] - Logfz.py] - INFO: 查看客户已购商品课程详情
[2020-02-11 18:24:40,567] - Logfz.py] - INFO: 查看所有课程商品列表
[2020-02-11 18:24:40,569] - Logfz.py] - INFO: 查看所有课程列表课程详情
[2020-02-11 18:24:46,181] - Logfz.py] - INFO: 查看客户已购课程商品列表
[2020-02-11 18:24:46,183] - Logfz.py] - INFO: 查看客户已购商品课程详情
[2020-02-11 18:30:00,625] - Logfz.py] - INFO: 查看所有课程商品列表
[2020-02-11 18:30:02,513] - Logfz.py] - INFO: 查看所有课程列表课程详情
[2020-02-11 18:30:08,038] - Logfz.py] - INFO: 查看客户已购课程商品列表
[2020-02-11 18:30:10,013] - Logfz.py] - INFO: 查看客户已购商品课程详情
[2020-02-11 18:30:35,374] - Logfz.py] - INFO: 查看所有课程商品列表
[2020-02-11 18:30:40,909] - Logfz.py] - INFO: 查看所有课程列表课程详情
[2020-02-11 18:30:46,311] - Logfz.py] - INFO: 查看客户已购课程商品列表
[2020-02-11 18:30:51,946] - Logfz.py] - INFO: 查看客户已购商品课程详情
[2020-02-11 18:34:05,900] - Logfz.py] - INFO: 查看所有课程商品列表
[2020-02-11 18:34:11,506] - Logfz.py] - INFO: 查看所有课程列表课程详情
[2020-02-11 18:34:17,305] - Logfz.py] - INFO: 查看客户已购课程商品列表
[2020-02-11 18:34:22,868] - Logfz.py] - INFO: 查看客户已购商品课程详情
[2020-02-11 18:43:48,528] - Logfz.py] - INFO: 查看客户账号列表
[2020-02-11 18:43:54,261] - Logfz.py] - INFO: 新增客户管理员查询已有客户
[2020-02-11 18:44:00,071] - Logfz.py] - INFO: 新增客户管理员
[2020-02-11 18:44:09,303] - Logfz.py] - INFO: Exception:该用户已存在  
[2020-02-11 18:44:09,308] - Logfz.py] - INFO: 修改客户管理员
[2020-02-11 18:44:14,970] - Logfz.py] - INFO: 客户重置密码
[2020-02-11 18:44:20,414] - Logfz.py] - INFO: 查询代理商管理员列表
[2020-02-11 18:44:25,813] - Logfz.py] - INFO: 新增代理商管理员
[2020-02-11 18:44:34,787] - Logfz.py] - INFO: Exception:该用户已存在。
[2020-02-11 18:44:34,792] - Logfz.py] - INFO: 修改代理商管理员
[2020-02-11 18:44:40,197] - Logfz.py] - INFO: 代理商重置密码
[2020-02-11 18:44:45,962] - Logfz.py] - INFO: 查看消息通知列表
[2020-02-11 19:25:09,774] - Logfz.py] - INFO: 查看客户账号列表
[2020-02-11 19:25:09,775] - Logfz.py] - INFO: 新增客户管理员查询已有客户
[2020-02-11 19:25:09,776] - Logfz.py] - INFO: 新增客户管理员
[2020-02-11 19:25:19,077] - Logfz.py] - INFO: 修改客户管理员
[2020-02-11 19:25:25,342] - Logfz.py] - INFO: 客户重置密码
[2020-02-11 19:28:02,706] - Logfz.py] - INFO: 查看客户账号列表
[2020-02-11 19:28:02,708] - Logfz.py] - INFO: 新增客户管理员查询已有客户
[2020-02-11 19:28:02,710] - Logfz.py] - INFO: 新增客户管理员
[2020-02-11 19:29:45,607] - Logfz.py] - INFO: 查看客户账号列表
[2020-02-11 19:29:45,609] - Logfz.py] - INFO: 新增客户管理员查询已有客户
[2020-02-11 19:29:45,610] - Logfz.py] - INFO: 新增客户管理员
[2020-02-11 19:31:22,339] - Logfz.py] - INFO: 查看客户账号列表
[2020-02-11 19:31:22,340] - Logfz.py] - INFO: 新增客户管理员查询已有客户
[2020-02-11 19:31:22,342] - Logfz.py] - INFO: 新增客户管理员
[2020-02-11 19:31:32,867] - Logfz.py] - INFO: Exception:该用户已存在  
[2020-02-11 19:47:41,717] - Logfz.py] - INFO: 查看客户账号列表
[2020-02-11 19:47:41,718] - Logfz.py] - INFO: 新增客户管理员查询已有客户
[2020-02-11 19:47:41,719] - Logfz.py] - INFO: 新增客户管理员
[2020-02-11 19:48:59,692] - Logfz.py] - INFO: 查看客户账号列表
[2020-02-11 19:48:59,693] - Logfz.py] - INFO: 新增客户管理员查询已有客户
[2020-02-11 19:48:59,694] - Logfz.py] - INFO: 新增客户管理员
[2020-02-11 19:50:43,930] - Logfz.py] - INFO: 查看客户账号列表
[2020-02-11 19:50:43,932] - Logfz.py] - INFO: 新增客户管理员查询已有客户
[2020-02-11 19:50:43,934] - Logfz.py] - INFO: 新增客户管理员
[2020-02-11 19:51:15,615] - Logfz.py] - INFO: 查看客户账号列表
[2020-02-11 19:51:21,234] - Logfz.py] - INFO: 新增客户管理员查询已有客户
[2020-02-11 19:51:26,916] - Logfz.py] - INFO: 新增客户管理员
[2020-02-11 19:51:34,407] - Logfz.py] - INFO: 修改客户管理员
[2020-02-11 19:51:45,165] - Logfz.py] - INFO: 客户重置密码
[2020-02-11 19:51:50,860] - Logfz.py] - INFO: 查询代理商管理员列表
[2020-02-11 19:51:55,935] - Logfz.py] - INFO: 新增代理商管理员
[2020-02-11 19:52:03,469] - Logfz.py] - INFO: 修改代理商管理员
[2020-02-11 19:52:09,103] - Logfz.py] - INFO: 代理商重置密码
[2020-02-11 19:52:14,782] - Logfz.py] - INFO: 查看消息通知列表
[2020-02-11 19:58:02,958] - Logfz.py] - INFO: 查询下属代理商列表
[2020-02-11 19:58:08,529] - Logfz.py] - INFO: 查询下属代理商账户列表
[2020-02-11 19:58:14,038] - Logfz.py] - INFO: 查询下属代理商转课时记录
[2020-02-11 19:58:19,561] - Logfz.py] - INFO: 查询代理商单个转课时详情
[2020-02-11 19:58:25,093] - Logfz.py] - INFO: 查询代理商转课时的充值记录
[2020-02-11 19:58:30,745] - Logfz.py] - INFO: 给二级代理商转课时
[2020-02-11 19:58:38,516] - Logfz.py] - INFO: Exception:代理商充值记录已过期。
[2020-02-11 19:58:38,523] - Logfz.py] - INFO: 首页查询代理商基本信息
[2020-02-11 19:58:44,186] - Logfz.py] - INFO: 首页查询代理商充值记录
[2020-02-11 19:58:49,795] - Logfz.py] - INFO: 首页查看消息数
[2020-02-11 20:18:00,408] - Logfz.py] - INFO: 新增客户
[2020-02-11 20:18:26,088] - Logfz.py] - INFO: 修改客户
[2020-02-11 20:18:36,849] - Logfz.py] - INFO: 查看客户详情
[2020-02-11 20:18:42,612] - Logfz.py] - INFO: 查看班课设置列表
[2020-02-11 20:18:48,359] - Logfz.py] - INFO: 查询客户下可见商品详情（附带租户的课数）
[2020-02-11 20:18:54,317] - Logfz.py] - INFO: 客户购买课程最近十次操作记录
[2020-02-11 20:18:59,966] - Logfz.py] - INFO: 客户购买课时
[2020-02-11 20:19:08,057] - Logfz.py] - INFO: Exception:设置客户班课数失败,代理商剩余课时数不足
[2020-02-11 20:19:08,063] - Logfz.py] - INFO: 查看客户列表
[2020-02-11 20:19:14,082] - Logfz.py] - INFO: 客户列表导出
[2020-02-11 20:19:20,367] - Logfz.py] - INFO: 查看客户班课记录
[2020-02-11 21:52:11,607] - Logfz.py] - INFO: 累计注册用户数
[2020-02-11 21:53:24,507] - Logfz.py] - INFO: 新增注册用户数
[2020-02-11 21:53:37,032] - Logfz.py] - INFO: 新增激活用户数
[2020-02-11 21:53:47,706] - Logfz.py] - INFO: 新增付费用户数
[2020-02-11 21:53:57,592] - Logfz.py] - INFO: 新增激活用户数
[2020-02-11 21:54:07,637] - Logfz.py] - INFO: 新增注册学校数
[2020-02-11 21:54:17,482] - Logfz.py] - INFO: 新增激活学校数
[2020-02-11 21:54:27,353] - Logfz.py] - INFO: 新增付费学校数
[2020-02-11 21:54:37,152] - Logfz.py] - INFO: 7日 | 每日新增用户数
[2020-02-11 21:54:47,183] - Logfz.py] - INFO: 7日 | 用户角色分布
[2020-02-11 21:55:00,658] - Logfz.py] - INFO: Exception:
### Error querying database.  Cause: java.sql.SQLSyntaxErrorException: You have an error in your SQL syntax; check the manual that corresponds to your MySQL server version for the right syntax to use near 'FROM
    report_user
    WHERE
    report_date   >=   '2020-02-04'
    AND repor' at line 5
### The error may exist in class path resource [com/jd/mee/report/dao/mapper/ReportUserMapper.xml]
### The error may involve com.jd.mee.report.dao.api.ReportUserMapper.selectUsers-Inline
### The error occurred while setting parameters
### SQL: SELECT                       FROM     report_user     WHERE     report_date   >=   ?     AND report_date   <=   ?                   and role = ?
### Cause: java.sql.SQLSyntaxErrorException: You have an error in your SQL syntax; check the manual that corresponds to your MySQL server version for the right syntax to use near 'FROM
    report_user
    WHERE
    report_date   >=   '2020-02-04'
    AND repor' at line 5
; bad SQL grammar []; nested exception is java.sql.SQLSyntaxErrorException: You have an error in your SQL syntax; check the manual that corresponds to your MySQL server version for the right syntax to use near 'FROM
    report_user
    WHERE
    report_date   >=   '2020-02-04'
    AND repor' at line 5
[2020-02-11 21:55:00,664] - Logfz.py] - INFO: 代理商excel导出
[2020-02-11 22:02:10,973] - Logfz.py] - INFO: 累计注册用户数
[2020-02-11 22:02:24,868] - Logfz.py] - INFO: 新增注册用户数
[2020-02-11 22:03:36,843] - Logfz.py] - INFO: 新增激活用户数
[2020-02-11 22:03:48,410] - Logfz.py] - INFO: 新增付费用户数
[2020-02-11 22:03:58,519] - Logfz.py] - INFO: 新增激活用户数
[2020-02-11 22:04:08,374] - Logfz.py] - INFO: 新增注册学校数
[2020-02-11 22:04:18,633] - Logfz.py] - INFO: 新增激活学校数
[2020-02-11 22:04:31,031] - Logfz.py] - INFO: 新增付费学校数
[2020-02-11 22:05:56,319] - Logfz.py] - INFO: 7日 | 每日新增用户数
[2020-02-11 22:05:58,570] - Logfz.py] - INFO: 7日 | 用户角色分布
[2020-02-11 22:05:59,776] - Logfz.py] - INFO: 代理商excel导出
[2020-02-11 22:18:05,551] - Logfz.py] - INFO: 累计注册用户数
[2020-02-11 22:18:16,092] - Logfz.py] - INFO: 新增注册用户数
[2020-02-11 22:18:25,495] - Logfz.py] - INFO: 新增激活用户数
[2020-02-11 22:18:34,881] - Logfz.py] - INFO: 新增付费用户数
[2020-02-11 22:18:44,231] - Logfz.py] - INFO: 新增激活用户数
[2020-02-11 22:18:53,678] - Logfz.py] - INFO: 新增注册学校数
[2020-02-11 22:19:03,118] - Logfz.py] - INFO: 新增激活学校数
[2020-02-11 22:19:16,136] - Logfz.py] - INFO: 新增付费学校数
[2020-02-11 22:19:25,740] - Logfz.py] - INFO: 7日 | 每日新增用户数
[2020-02-11 22:19:35,363] - Logfz.py] - INFO: 7日 | 用户角色分布
[2020-02-11 22:19:45,201] - Logfz.py] - INFO: 代理商excel导出
[2020-02-11 22:22:36,443] - Logfz.py] - INFO: 查看所有课程商品列表
[2020-02-11 22:22:42,433] - Logfz.py] - INFO: 查看所有课程列表课程详情
[2020-02-11 22:22:48,525] - Logfz.py] - INFO: 查看客户已购课程商品列表
[2020-02-11 22:22:54,429] - Logfz.py] - INFO: 查看客户已购商品课程详情
[2020-02-11 22:23:44,516] - Logfz.py] - INFO: 查看所有课程商品列表
[2020-02-11 22:23:50,274] - Logfz.py] - INFO: 查看所有课程列表课程详情
[2020-02-11 22:23:55,958] - Logfz.py] - INFO: 查看客户已购课程商品列表
[2020-02-11 22:24:01,664] - Logfz.py] - INFO: 查看客户已购商品课程详情
[2020-02-11 23:06:00,056] - Logfz.py] - INFO: 查看所有课程商品列表
[2020-02-11 23:06:07,333] - Logfz.py] - INFO: 查看所有课程列表课程详情
[2020-02-11 23:06:13,187] - Logfz.py] - INFO: 查看客户已购课程商品列表
[2020-02-11 23:06:19,189] - Logfz.py] - INFO: 查看客户已购商品课程详情
[2020-02-11 23:06:26,330] - Logfz.py] - INFO: 邮件发送成功
[2020-02-11 23:08:04,755] - Logfz.py] - INFO: 查看所有课程商品列表
[2020-02-11 23:08:10,812] - Logfz.py] - INFO: 查看所有课程列表课程详情
[2020-02-11 23:08:16,842] - Logfz.py] - INFO: 查看客户已购课程商品列表
[2020-02-11 23:08:22,911] - Logfz.py] - INFO: 查看客户已购商品课程详情
[2020-02-11 23:08:30,334] - Logfz.py] - INFO: 邮件发送成功
[2020-02-11 23:13:50,886] - Logfz.py] - INFO: 查看所有课程商品列表
[2020-02-11 23:13:58,161] - Logfz.py] - INFO: Exception:当前登录用户已失效，请重新登录
[2020-02-11 23:13:58,165] - Logfz.py] - INFO: 查看所有课程列表课程详情
[2020-02-11 23:14:09,198] - Logfz.py] - INFO: Exception:当前登录用户已失效，请重新登录
[2020-02-11 23:14:09,199] - Logfz.py] - INFO: 查看客户已购课程商品列表
[2020-02-11 23:14:16,736] - Logfz.py] - INFO: Exception:当前登录用户已失效，请重新登录
[2020-02-11 23:14:16,737] - Logfz.py] - INFO: 查看客户已购商品课程详情
[2020-02-11 23:14:24,236] - Logfz.py] - INFO: Exception:当前登录用户已失效，请重新登录
[2020-02-11 23:14:32,555] - Logfz.py] - INFO: 邮件发送成功
